<?xml version="1.0" encoding="UTF-8"?>
<!-- Generated by org.testng.reporters.JUnitReportReporter -->
<testsuite hostname="TRAINING-DT5" failures="0" tests="1" name="test_Cases_Package.Loginpage_testcases" time="1.658" errors="0" timestamp="25 May 2022 12:37:50 GMT" skipped="0">
  <testcase classname="test_Cases_Package.Loginpage_testcases" name="Login_testcases" time="1.658"/>
</testsuite> <!-- test_Cases_Package.Loginpage_testcases -->
