<?xml version="1.0" encoding="UTF-8"?>
<!-- Generated by org.testng.reporters.JUnitReportReporter -->
<testsuite hostname="TRAINING-DT5" failures="0" tests="1" name="test_Cases_Package.Registerpage_testcases" time="2.172" errors="0" timestamp="25 May 2022 07:03:56 GMT" skipped="0">
  <testcase classname="test_Cases_Package.Registerpage_testcases" name="demoWebShop_Register" time="2.172"/>
</testsuite> <!-- test_Cases_Package.Registerpage_testcases -->
